  PongNN.cpp
PongNN.cpp(56): warning C4244: 'initializing': conversion from 'const float' to 'std::size_t', possible loss of data
PongNN.cpp(57): warning C4244: 'initializing': conversion from 'const float' to 'std::size_t', possible loss of data
PongNN.cpp(62): warning C4244: '=': conversion from 'const float' to 'std::size_t', possible loss of data
PongNN.cpp(63): warning C4244: '=': conversion from 'const float' to 'std::size_t', possible loss of data
PongNN.cpp(68): warning C4244: '=': conversion from 'const float' to 'std::size_t', possible loss of data
PongNN.cpp(69): warning C4244: '=': conversion from 'const float' to 'std::size_t', possible loss of data
PongNN.cpp(82): warning C4244: '=': conversion from 'float' to 'sf::Uint8', possible loss of data
PongNN.cpp(174): warning C4244: 'initializing': conversion from 'double' to 'float', possible loss of data
PongNN.cpp(275): warning C4244: 'initializing': conversion from 'const float' to 'int', possible loss of data
PongNN.cpp(276): warning C4244: 'initializing': conversion from 'const float' to 'int', possible loss of data
PongNN.cpp(283): warning C4244: '=': conversion from 'double' to 'float', possible loss of data
PongNN.cpp(287): warning C4244: '=': conversion from 'const float' to 'int', possible loss of data
PongNN.cpp(288): warning C4244: '=': conversion from 'const float' to 'int', possible loss of data
PongNN.cpp(296): warning C4244: '=': conversion from 'double' to 'float', possible loss of data
PongNN.cpp(300): warning C4244: '=': conversion from 'const float' to 'int', possible loss of data
PongNN.cpp(301): warning C4244: '=': conversion from 'const float' to 'int', possible loss of data
  Generating code
  3 of 650 functions ( 0.5%) were compiled, the rest were copied from previous compilation.
    0 functions were new in current compilation
    0 functions had inline decision re-evaluated but remain unchanged
  Finished generating code
  PongNN.vcxproj -> C:\Users\Benjamin\OneDrive\Documents\Visual Studio 2015\Projects\PongNN\Release\PongNN.exe
  PongNN.vcxproj -> C:\Users\Benjamin\OneDrive\Documents\Visual Studio 2015\Projects\PongNN\Release\PongNN.pdb (Full PDB)
